======================================================================
[12/2/2564 14:10:23.128] Log Start
Renesas Flash Programmer V3.05.01 [3 Sep 2018]  (Free-of-charge Edition)
Loading Project (D:\svn\2019_Sensitech_Denali\1.Customer Documents\7.Firmware\Denali.rpj)
Loading File (D:\svn\2019_Sensitech_Denali\1.Customer Documents\7.Firmware\Denali_v0000000031.mot) CRC-32 : 7D9BA9B9

Target device : R5F100LG

Connecting the tool
Tool : E2 Lite (5ES009750), Interface : 1 wire UART
Emulator's supply power : 3.3V
Emulator's firmware version：3.01.00.001
Communication speed : 500000bps
Connecting to the target device

Erasing the selected blocks
  [Code Flash] 0x00000000 - 0x0001FFFF     size : 128 K
  [Data Flash] 0x000F1000 - 0x000F2FFF     size : 8 K

Writing data to the target device
  [Code Flash] 0x00000000 - 0x00002BFF     size : 11 K
  [Code Flash] 0x00003000 - 0x0001D7FF     size : 106 K
  [Code Flash] 0x0001FC00 - 0x0001FFFF     size : 1 K

Verifying data
  [Code Flash] 0x00000000 - 0x00002BFF     size : 11 K
  [Code Flash] 0x00003000 - 0x0001D7FF     size : 106 K
  [Code Flash] 0x0001FC00 - 0x0001FFFF     size : 1 K

Disconnecting the tool
Operation completed.

